<?xml version="1.0" encoding="UTF-8"?>
<testsuite name="com.calcite_new.sql.model.entity.context.clause.GroupByClauseTest" tests="1" skipped="0" failures="0" errors="0" timestamp="2025-07-28T13:03:56" hostname="LAPTOP-A36VV8FB" time="0.024">
  <properties/>
  <testcase name="testConstructor()" classname="com.calcite_new.sql.model.entity.context.clause.GroupByClauseTest" time="0.024"/>
  <system-out><![CDATA[]]></system-out>
  <system-err><![CDATA[]]></system-err>
</testsuite>
